<?xml version="1.0" encoding="UTF-8"?>
<robot rpa="false" generated="20190523 11:06:49.153" generator="Robot 3.1.1 (Python 2.7.10 on darwin)">
<suite source="/Users/leolaskin/Development/Python-Robot-Appium-Android-Applitools/sample_test.robot" id="s1" name="Sample Test">
<test id="s1-t1" name="Example of making an Applitools Checkpoint on Sauce">
<kw type="setup" name="Open test application">
<kw name="Open Application" library="AppiumLibrary">
<doc>Opens a new application to given Appium server.
Capabilities of appium server, Android and iOS,
Please check https://github.com/appium/appium/blob/master/docs/en/writing-running-appium/server-args.md
| *Option*            | *Man.* | *Description*     |
| remote_url          | Yes    | Appium server url |
| alias               | no     | alias             |</doc>
<arguments>
<arg>${REMOTE_URL}</arg>
<arg>alias=None</arg>
<arg>platformName=${PLATFORM_NAME}</arg>
<arg>platformVersion=${PLATFORM_VERSION}</arg>
<arg>deviceName=${DEVICE_NAME}</arg>
<arg>deviceOrientation=${DEVICE_ORIENTATION}</arg>
<arg>appiumVersion=${APPIUM_VERSION}</arg>
<arg>app=${APP}</arg>
<arg>name=RobotAppiumAndroidEyes</arg>
</arguments>
<status status="PASS" endtime="20190523 11:07:30.090" starttime="20190523 11:06:49.639"></status>
</kw>
<status status="PASS" endtime="20190523 11:07:30.090" starttime="20190523 11:06:49.639"></status>
</kw>
<kw name="Open Eyes Session">
<arguments>
<arg>${APPLITOOLS_KEY}</arg>
<arg>"Contact Manager"</arg>
<arg>"Sample Contact Manager Test"</arg>
</arguments>
<msg timestamp="20190523 11:07:30.094" level="FAIL">No keyword with name 'Open Eyes Session' found.</msg>
<status status="FAIL" endtime="20190523 11:07:30.094" starttime="20190523 11:07:30.094"></status>
</kw>
<kw type="teardown" name="Close test application">
<kw name="Close Eyes Session">
<msg timestamp="20190523 11:07:30.100" level="FAIL">No keyword with name 'Close Eyes Session' found.</msg>
<status status="FAIL" endtime="20190523 11:07:30.101" starttime="20190523 11:07:30.100"></status>
</kw>
<kw name="Report Sauce Status" library="SauceLabs">
<arguments>
<arg>${SUITE_NAME} | ${TEST_NAME}</arg>
<arg>${TEST_STATUS}</arg>
</arguments>
<msg timestamp="20190523 11:07:30.600" level="INFO">SauceOnDemandSessionID=884ae093e3c642d1b0b02f0434a74d8e job-name=Sample Test | Example of making an Applitools Checkpoint on Sauce</msg>
<status status="PASS" endtime="20190523 11:07:30.600" starttime="20190523 11:07:30.101"></status>
</kw>
<kw name="Close All Applications" library="AppiumLibrary">
<doc>Closes all open applications.</doc>
<status status="PASS" endtime="20190523 11:07:32.954" starttime="20190523 11:07:30.600"></status>
</kw>
<status status="FAIL" endtime="20190523 11:07:32.955" starttime="20190523 11:07:30.094">No keyword with name 'Close Eyes Session' found.</status>
</kw>
<status status="FAIL" endtime="20190523 11:07:32.955" critical="yes" starttime="20190523 11:06:49.639">No keyword with name 'Open Eyes Session' found.

Also teardown failed:
No keyword with name 'Close Eyes Session' found.</status>
</test>
<status status="FAIL" endtime="20190523 11:07:32.956" starttime="20190523 11:06:49.155"></status>
</suite>
<statistics>
<total>
<stat fail="1" pass="0">Critical Tests</stat>
<stat fail="1" pass="0">All Tests</stat>
</total>
<tag>
</tag>
<suite>
<stat fail="1" id="s1" name="Sample Test" pass="0">Sample Test</stat>
</suite>
</statistics>
<errors>
<msg timestamp="20190523 11:06:49.638" level="ERROR">Error in file '/Users/leolaskin/Development/Python-Robot-Appium-Android-Applitools/sample_test.robot': Importing test library 'RobotAppEyes' failed: ImportError: cannot import name _image_utils
Traceback (most recent call last):
  File "/Library/Python/2.7/site-packages/RobotAppEyes/__init__.py", line 17, in &lt;module&gt;
    from RobotAppEyes import RobotAppEyes
  File "/Library/Python/2.7/site-packages/RobotAppEyes/RobotAppEyes.py", line 28, in &lt;module&gt;
    from applitools.utils import _image_utils
PYTHONPATH:
  /usr/local/bin
  /Library/Python/2.7/site-packages/pip-19.1.1-py2.7.egg
  /System/Library/Frameworks/Python.framework/Versions/2.7/lib/python27.zip
  /System/Library/Frameworks/Python.framework/Versions/2.7/lib/python2.7
  /System/Library/Frameworks/Python.framework/Versions/2.7/lib/python2.7/plat-darwin
  /System/Library/Frameworks/Python.framework/Versions/2.7/lib/python2.7/plat-mac
  /System/Library/Frameworks/Python.framework/Versions/2.7/lib/python2.7/plat-mac/lib-scriptpackages
  /System/Library/Frameworks/Python.framework/Versions/2.7/lib/python2.7/lib-tk
  /System/Library/Frameworks/Python.framework/Versions/2.7/lib/python2.7/lib-old
  /System/Library/Frameworks/Python.framework/Versions/2.7/lib/python2.7/lib-dynload
  /Library/Python/2.7/site-packages
  /System/Library/Frameworks/Python.framework/Versions/2.7/Extras/lib/python
  /System/Library/Frameworks/Python.framework/Versions/2.7/Extras/lib/python/PyObjC</msg>
</errors>
</robot>
